<?xml version="1.0" encoding="UTF-8"?>
<!-- Generated by org.testng.reporters.JUnitReportReporter -->
<testsuite skipped="0" hostname="MMD5CG0182HG1" name="gcd.perfTest.EnvMonitorTest" tests="3" failures="0" timestamp="2021-02-25T16:05:35 IST" time="0.071" errors="0">
  <testcase name="QAenvMonitor" time="0.025" classname="gcd.perfTest.EnvMonitorTest"/>
  <system-out/>
  <testcase name="test8" time="0.021" classname="gcd.perfTest.EnvMonitorTest"/>
  <system-out/>
  <testcase name="test9" time="0.025" classname="gcd.perfTest.EnvMonitorTest"/>
  <system-out/>
</testsuite> <!-- gcd.perfTest.EnvMonitorTest -->
